              t              M           TEMP          PRESS             RH            H2O            DEC       BLHEIGHT         DILUTE           JFAC           ROOF            ASA            RO2
  9.000000E+002  2.546917E+019  2.881500E+002  1.013250E+003 -1.000000E+000  4.450000E+017  4.093154E-001 -1.000000E+000 -1.000000E+000  1.000000E+000  1.000000E+000 -1.000000E+000  0.000000E+000
  1.800000E+003  2.546917E+019  2.881500E+002  1.013250E+003 -1.000000E+000  4.450000E+017  4.093154E-001 -1.000000E+000 -1.000000E+000  1.000000E+000  1.000000E+000 -1.000000E+000  0.000000E+000
  2.700000E+003  2.546917E+019  2.881500E+002  1.013250E+003 -1.000000E+000  4.450000E+017  4.093154E-001 -1.000000E+000 -1.000000E+000  1.000000E+000  1.000000E+000 -1.000000E+000  0.000000E+000
  3.600000E+003  2.546917E+019  2.881500E+002  1.013250E+003 -1.000000E+000  4.450000E+017  4.093154E-001 -1.000000E+000 -1.000000E+000  1.000000E+000  1.000000E+000 -1.000000E+000  0.000000E+000
  4.500000E+003  2.546917E+019  2.881500E+002  1.013250E+003 -1.000000E+000  4.450000E+017  4.093154E-001 -1.000000E+000 -1.000000E+000  1.000000E+000  1.000000E+000 -1.000000E+000  0.000000E+000
  5.400000E+003  2.546917E+019  2.881500E+002  1.013250E+003 -1.000000E+000  4.450000E+017  4.093154E-001 -1.000000E+000 -1.000000E+000  1.000000E+000  1.000000E+000 -1.000000E+000  0.000000E+000
  6.300000E+003  2.546917E+019  2.881500E+002  1.013250E+003 -1.000000E+000  4.450000E+017  4.093154E-001 -1.000000E+000 -1.000000E+000  1.000000E+000  1.000000E+000 -1.000000E+000  0.000000E+000
  7.200000E+003  2.546917E+019  2.881500E+002  1.013250E+003 -1.000000E+000  4.450000E+017  4.093154E-001 -1.000000E+000 -1.000000E+000  1.000000E+000  1.000000E+000 -1.000000E+000  0.000000E+000
  8.100000E+003  2.546917E+019  2.881500E+002  1.013250E+003 -1.000000E+000  4.450000E+017  4.093154E-001 -1.000000E+000 -1.000000E+000  1.000000E+000  1.000000E+000 -1.000000E+000  0.000000E+000
  9.000000E+003  2.546917E+019  2.881500E+002  1.013250E+003 -1.000000E+000  4.450000E+017  4.093154E-001 -1.000000E+000 -1.000000E+000  1.000000E+000  1.000000E+000 -1.000000E+000  0.000000E+000
  9.900000E+003  2.546917E+019  2.881500E+002  1.013250E+003 -1.000000E+000  4.450000E+017  4.093154E-001 -1.000000E+000 -1.000000E+000  1.000000E+000  1.000000E+000 -1.000000E+000  0.000000E+000
  1.080000E+004  2.546917E+019  2.881500E+002  1.013250E+003 -1.000000E+000  4.450000E+017  4.093154E-001 -1.000000E+000 -1.000000E+000  1.000000E+000  1.000000E+000 -1.000000E+000  0.000000E+000
  1.170000E+004  2.546917E+019  2.881500E+002  1.013250E+003 -1.000000E+000  4.450000E+017  4.093154E-001 -1.000000E+000 -1.000000E+000  1.000000E+000  1.000000E+000 -1.000000E+000  0.000000E+000
  1.260000E+004  2.546917E+019  2.881500E+002  1.013250E+003 -1.000000E+000  4.450000E+017  4.093154E-001 -1.000000E+000 -1.000000E+000  1.000000E+000  1.000000E+000 -1.000000E+000  0.000000E+000
  1.350000E+004  2.546917E+019  2.881500E+002  1.013250E+003 -1.000000E+000  4.450000E+017  4.093154E-001 -1.000000E+000 -1.000000E+000  1.000000E+000  1.000000E+000 -1.000000E+000  0.000000E+000
  1.440000E+004  2.546917E+019  2.881500E+002  1.013250E+003 -1.000000E+000  4.450000E+017  4.093154E-001 -1.000000E+000 -1.000000E+000  1.000000E+000  1.000000E+000 -1.000000E+000  3.039317E-006
  1.530000E+004  2.546917E+019  2.881500E+002  1.013250E+003 -1.000000E+000  4.450000E+017  4.093154E-001 -1.000000E+000 -1.000000E+000  1.000000E+000  1.000000E+000 -1.000000E+000  2.096862E+001
  1.620000E+004  2.546917E+019  2.881500E+002  1.013250E+003 -1.000000E+000  4.450000E+017  4.093154E-001 -1.000000E+000 -1.000000E+000  1.000000E+000  1.000000E+000 -1.000000E+000  9.712885E+002
  1.710000E+004  2.546917E+019  2.881500E+002  1.013250E+003 -1.000000E+000  4.450000E+017  4.093154E-001 -1.000000E+000 -1.000000E+000  1.000000E+000  1.000000E+000 -1.000000E+000  3.739414E+003
  1.800000E+004  2.546917E+019  2.881500E+002  1.013250E+003 -1.000000E+000  4.450000E+017  4.093154E-001 -1.000000E+000 -1.000000E+000  1.000000E+000  1.000000E+000 -1.000000E+000  8.909158E+003
  1.890000E+004  2.546917E+019  2.881500E+002  1.013250E+003 -1.000000E+000  4.450000E+017  4.093154E-001 -1.000000E+000 -1.000000E+000  1.000000E+000  1.000000E+000 -1.000000E+000  1.733144E+004
  1.980000E+004  2.546917E+019  2.881500E+002  1.013250E+003 -1.000000E+000  4.450000E+017  4.093154E-001 -1.000000E+000 -1.000000E+000  1.000000E+000  1.000000E+000 -1.000000E+000  2.992594E+004
  2.070000E+004  2.546917E+019  2.881500E+002  1.013250E+003 -1.000000E+000  4.450000E+017  4.093154E-001 -1.000000E+000 -1.000000E+000  1.000000E+000  1.000000E+000 -1.000000E+000  4.760525E+004
  2.160000E+004  2.546917E+019  2.881500E+002  1.013250E+003 -1.000000E+000  4.450000E+017  4.093154E-001 -1.000000E+000 -1.000000E+000  1.000000E+000  1.000000E+000 -1.000000E+000  7.116910E+004
  2.250000E+004  2.546917E+019  2.881500E+002  1.013250E+003 -1.000000E+000  4.450000E+017  4.093154E-001 -1.000000E+000 -1.000000E+000  1.000000E+000  1.000000E+000 -1.000000E+000  1.012277E+005
  2.340000E+004  2.546917E+019  2.881500E+002  1.013250E+003 -1.000000E+000  4.450000E+017  4.093154E-001 -1.000000E+000 -1.000000E+000  1.000000E+000  1.000000E+000 -1.000000E+000  1.381862E+005
  2.430000E+004  2.546917E+019  2.881500E+002  1.013250E+003 -1.000000E+000  4.450000E+017  4.093154E-001 -1.000000E+000 -1.000000E+000  1.000000E+000  1.000000E+000 -1.000000E+000  1.822752E+005
  2.520000E+004  2.546917E+019  2.881500E+002  1.013250E+003 -1.000000E+000  4.450000E+017  4.093154E-001 -1.000000E+000 -1.000000E+000  1.000000E+000  1.000000E+000 -1.000000E+000  2.335981E+005
  2.610000E+004  2.546917E+019  2.881500E+002  1.013250E+003 -1.000000E+000  4.450000E+017  4.093154E-001 -1.000000E+000 -1.000000E+000  1.000000E+000  1.000000E+000 -1.000000E+000  2.921780E+005
  2.700000E+004  2.546917E+019  2.881500E+002  1.013250E+003 -1.000000E+000  4.450000E+017  4.093154E-001 -1.000000E+000 -1.000000E+000  1.000000E+000  1.000000E+000 -1.000000E+000  3.579943E+005
  2.790000E+004  2.546917E+019  2.881500E+002  1.013250E+003 -1.000000E+000  4.450000E+017  4.093154E-001 -1.000000E+000 -1.000000E+000  1.000000E+000  1.000000E+000 -1.000000E+000  4.310076E+005
  2.880000E+004  2.546917E+019  2.881500E+002  1.013250E+003 -1.000000E+000  4.450000E+017  4.093154E-001 -1.000000E+000 -1.000000E+000  1.000000E+000  1.000000E+000 -1.000000E+000  5.111759E+005
  2.970000E+004  2.546917E+019  2.881500E+002  1.013250E+003 -1.000000E+000  4.450000E+017  4.093154E-001 -1.000000E+000 -1.000000E+000  1.000000E+000  1.000000E+000 -1.000000E+000  5.984631E+005
  3.060000E+004  2.546917E+019  2.881500E+002  1.013250E+003 -1.000000E+000  4.450000E+017  4.093154E-001 -1.000000E+000 -1.000000E+000  1.000000E+000  1.000000E+000 -1.000000E+000  6.928426E+005
  3.150000E+004  2.546917E+019  2.881500E+002  1.013250E+003 -1.000000E+000  4.450000E+017  4.093154E-001 -1.000000E+000 -1.000000E+000  1.000000E+000  1.000000E+000 -1.000000E+000  7.942974E+005
  3.240000E+004  2.546917E+019  2.881500E+002  1.013250E+003 -1.000000E+000  4.450000E+017  4.093154E-001 -1.000000E+000 -1.000000E+000  1.000000E+000  1.000000E+000 -1.000000E+000  9.028169E+005
  3.330000E+004  2.546917E+019  2.881500E+002  1.013250E+003 -1.000000E+000  4.450000E+017  4.093154E-001 -1.000000E+000 -1.000000E+000  1.000000E+000  1.000000E+000 -1.000000E+000  1.018391E+006
  3.420000E+004  2.546917E+019  2.881500E+002  1.013250E+003 -1.000000E+000  4.450000E+017  4.093154E-001 -1.000000E+000 -1.000000E+000  1.000000E+000  1.000000E+000 -1.000000E+000  1.141002E+006
  3.510000E+004  2.546917E+019  2.881500E+002  1.013250E+003 -1.000000E+000  4.450000E+017  4.093154E-001 -1.000000E+000 -1.000000E+000  1.000000E+000  1.000000E+000 -1.000000E+000  1.270612E+006
  3.600000E+004  2.546917E+019  2.881500E+002  1.013250E+003 -1.000000E+000  4.450000E+017  4.093154E-001 -1.000000E+000 -1.000000E+000  1.000000E+000  1.000000E+000 -1.000000E+000  1.407149E+006
  3.690000E+004  2.546917E+019  2.881500E+002  1.013250E+003 -1.000000E+000  4.450000E+017  4.093154E-001 -1.000000E+000 -1.000000E+000  1.000000E+000  1.000000E+000 -1.000000E+000  1.550492E+006
  3.780000E+004  2.546917E+019  2.881500E+002  1.013250E+003 -1.000000E+000  4.450000E+017  4.093154E-001 -1.000000E+000 -1.000000E+000  1.000000E+000  1.000000E+000 -1.000000E+000  1.700442E+006
  3.870000E+004  2.546917E+019  2.881500E+002  1.013250E+003 -1.000000E+000  4.450000E+017  4.093154E-001 -1.000000E+000 -1.000000E+000  1.000000E+000  1.000000E+000 -1.000000E+000  1.856705E+006
  3.960000E+004  2.546917E+019  2.881500E+002  1.013250E+003 -1.000000E+000  4.450000E+017  4.093154E-001 -1.000000E+000 -1.000000E+000  1.000000E+000  1.000000E+000 -1.000000E+000  2.018855E+006
  4.050000E+004  2.546917E+019  2.881500E+002  1.013250E+003 -1.000000E+000  4.450000E+017  4.093154E-001 -1.000000E+000 -1.000000E+000  1.000000E+000  1.000000E+000 -1.000000E+000  2.186303E+006
  4.140000E+004  2.546917E+019  2.881500E+002  1.013250E+003 -1.000000E+000  4.450000E+017  4.093154E-001 -1.000000E+000 -1.000000E+000  1.000000E+000  1.000000E+000 -1.000000E+000  2.358259E+006
  4.230000E+004  2.546917E+019  2.881500E+002  1.013250E+003 -1.000000E+000  4.450000E+017  4.093154E-001 -1.000000E+000 -1.000000E+000  1.000000E+000  1.000000E+000 -1.000000E+000  2.533684E+006
  4.320000E+004  2.546917E+019  2.881500E+002  1.013250E+003 -1.000000E+000  4.450000E+017  4.093154E-001 -1.000000E+000 -1.000000E+000  1.000000E+000  1.000000E+000 -1.000000E+000  2.711251E+006
