 O                                                    9656.2773632555381     
 O3                                                   597376053654.48901     
 NO                                                   61674014820.794754     
 NO2                                                  66354372995.558273     
 NO3                                                  604884.44369623729     
 O1D                                                  1.8230422172815151E-002
 N2O5                                                 3856348.7671851828     
 OH                                                   5219476.5320607172     
 HO2                                                  12073694.227079988     
 H2                                                   2362699944.1343608     
 CO                                                   3564068743024.4419     
 H2O2                                                 5016630.9975583404     
 HONO                                                 1786615760.2758150     
 HNO3                                                 40090357791.434868     
 HO2NO2                                               35574673.053673059     
 SO2                                                  0.0000000000000000     
 SO3                                                  0.0000000000000000     
 HSO3                                                 0.0000000000000000     
 NA                                                   70035473697.185425     
 SA                                                   0.0000000000000000     
 CL                                                  -6.3131570684042444E-019
 CH4                                                  48987100668118.609     
 CH3O2                                                2711251.4657918564     
 CH3OOH                                               697835.64962417772     
 HCHO                                                 7252343707.6597624     
 CH3NO3                                               12814193.127045870     
 CH3O                                                 148.04114290064265     
 CH3O2NO2                                             2458558.0703923195     
 CH3OH                                                9115.6385861819235     
