           time speciesNumber speciesName reactionNumber           rate  reaction                                                                                                                                                                                                                                                                                                                                                                                                                                                                                                                                                                                                                                                                                                                                                                                                                                                                                                                                                        
  3.600000E+003             8                                                  OH             16  0.000000E+000  OH+O3=HO2
  3.600000E+003             8                                                  OH             17  0.000000E+000  OH+H2=HO2
  3.600000E+003             8                                                  OH             18  0.000000E+000  OH+CO=HO2
  3.600000E+003             8                                                  OH             19  0.000000E+000  OH+H2O2=HO2
  3.600000E+003             8                                                  OH             21  0.000000E+000  OH+HO2=
  3.600000E+003             8                                                  OH             24  0.000000E+000  OH+NO=HONO
  3.600000E+003             8                                                  OH             25  0.000000E+000  OH+NO2=HNO3
  3.600000E+003             8                                                  OH             26  0.000000E+000  OH+NO3=HO2+NO2
  3.600000E+003             8                                                  OH             29  0.000000E+000  OH+HO2NO2=NO2
  3.600000E+003             8                                                  OH             31  0.000000E+000  OH+HONO=NO2
  3.600000E+003             8                                                  OH             32  0.000000E+000  OH+HNO3=NO3
  3.600000E+003             8                                                  OH             34  0.000000E+000  OH+SO2=HSO3
  3.600000E+003             8                                                  OH             50  0.000000E+000  OH+CH4=CH3O2
  3.600000E+003             8                                                  OH             61  0.000000E+000  OH+CH3OOH=CH3O2
  3.600000E+003             8                                                  OH             62  0.000000E+000  OH+CH3OOH=HCHO+OH
  3.600000E+003             8                                                  OH             66  0.000000E+000  OH+HCHO=HO2+CO
  3.600000E+003             8                                                  OH             68  0.000000E+000  OH+CH3NO3=HCHO+NO2
  3.600000E+003             8                                                  OH             71  0.000000E+000  CH3OH+OH=HO2+HCHO
  3.600000E+003             9                                                 HO2             20  0.000000E+000  HO2+O3=OH
  3.600000E+003             9                                                 HO2             21  0.000000E+000  OH+HO2=
  3.600000E+003             9                                                 HO2             22  0.000000E+000  HO2+HO2=H2O2
  3.600000E+003             9                                                 HO2             23  0.000000E+000  HO2+HO2=H2O2
  3.600000E+003             9                                                 HO2             27  0.000000E+000  HO2+NO=OH+NO2
  3.600000E+003             9                                                 HO2             28  0.000000E+000  HO2+NO2=HO2NO2
  3.600000E+003             9                                                 HO2             30  0.000000E+000  HO2+NO3=OH+NO2
  3.600000E+003             9                                                 HO2             51  0.000000E+000  CH3O2+HO2=CH3OOH
  3.600000E+003             9                                                 HO2             52  0.000000E+000  CH3O2+HO2=HCHO
  7.200000E+003             8                                                  OH             16  0.000000E+000  OH+O3=HO2
  7.200000E+003             8                                                  OH             17  0.000000E+000  OH+H2=HO2
  7.200000E+003             8                                                  OH             18  0.000000E+000  OH+CO=HO2
  7.200000E+003             8                                                  OH             19  0.000000E+000  OH+H2O2=HO2
  7.200000E+003             8                                                  OH             21  0.000000E+000  OH+HO2=
  7.200000E+003             8                                                  OH             24  0.000000E+000  OH+NO=HONO
  7.200000E+003             8                                                  OH             25  0.000000E+000  OH+NO2=HNO3
  7.200000E+003             8                                                  OH             26  0.000000E+000  OH+NO3=HO2+NO2
  7.200000E+003             8                                                  OH             29  0.000000E+000  OH+HO2NO2=NO2
  7.200000E+003             8                                                  OH             31  0.000000E+000  OH+HONO=NO2
  7.200000E+003             8                                                  OH             32  0.000000E+000  OH+HNO3=NO3
  7.200000E+003             8                                                  OH             34  0.000000E+000  OH+SO2=HSO3
  7.200000E+003             8                                                  OH             50  0.000000E+000  OH+CH4=CH3O2
  7.200000E+003             8                                                  OH             61  0.000000E+000  OH+CH3OOH=CH3O2
  7.200000E+003             8                                                  OH             62  0.000000E+000  OH+CH3OOH=HCHO+OH
  7.200000E+003             8                                                  OH             66  0.000000E+000  OH+HCHO=HO2+CO
  7.200000E+003             8                                                  OH             68  0.000000E+000  OH+CH3NO3=HCHO+NO2
  7.200000E+003             8                                                  OH             71  0.000000E+000  CH3OH+OH=HO2+HCHO
  7.200000E+003             9                                                 HO2             20  0.000000E+000  HO2+O3=OH
  7.200000E+003             9                                                 HO2             21  0.000000E+000  OH+HO2=
  7.200000E+003             9                                                 HO2             22  0.000000E+000  HO2+HO2=H2O2
  7.200000E+003             9                                                 HO2             23  0.000000E+000  HO2+HO2=H2O2
  7.200000E+003             9                                                 HO2             27  0.000000E+000  HO2+NO=OH+NO2
  7.200000E+003             9                                                 HO2             28  0.000000E+000  HO2+NO2=HO2NO2
  7.200000E+003             9                                                 HO2             30  0.000000E+000  HO2+NO3=OH+NO2
  7.200000E+003             9                                                 HO2             51  0.000000E+000  CH3O2+HO2=CH3OOH
  7.200000E+003             9                                                 HO2             52  0.000000E+000  CH3O2+HO2=HCHO
  1.080000E+004             8                                                  OH             16  0.000000E+000  OH+O3=HO2
  1.080000E+004             8                                                  OH             17  0.000000E+000  OH+H2=HO2
  1.080000E+004             8                                                  OH             18  0.000000E+000  OH+CO=HO2
  1.080000E+004             8                                                  OH             19  0.000000E+000  OH+H2O2=HO2
  1.080000E+004             8                                                  OH             21  0.000000E+000  OH+HO2=
  1.080000E+004             8                                                  OH             24  0.000000E+000  OH+NO=HONO
  1.080000E+004             8                                                  OH             25  0.000000E+000  OH+NO2=HNO3
  1.080000E+004             8                                                  OH             26  0.000000E+000  OH+NO3=HO2+NO2
  1.080000E+004             8                                                  OH             29  0.000000E+000  OH+HO2NO2=NO2
  1.080000E+004             8                                                  OH             31  0.000000E+000  OH+HONO=NO2
  1.080000E+004             8                                                  OH             32  0.000000E+000  OH+HNO3=NO3
  1.080000E+004             8                                                  OH             34  0.000000E+000  OH+SO2=HSO3
  1.080000E+004             8                                                  OH             50  0.000000E+000  OH+CH4=CH3O2
  1.080000E+004             8                                                  OH             61  0.000000E+000  OH+CH3OOH=CH3O2
  1.080000E+004             8                                                  OH             62  0.000000E+000  OH+CH3OOH=HCHO+OH
  1.080000E+004             8                                                  OH             66  0.000000E+000  OH+HCHO=HO2+CO
  1.080000E+004             8                                                  OH             68  0.000000E+000  OH+CH3NO3=HCHO+NO2
  1.080000E+004             8                                                  OH             71  0.000000E+000  CH3OH+OH=HO2+HCHO
  1.080000E+004             9                                                 HO2             20  0.000000E+000  HO2+O3=OH
  1.080000E+004             9                                                 HO2             21  0.000000E+000  OH+HO2=
  1.080000E+004             9                                                 HO2             22  0.000000E+000  HO2+HO2=H2O2
  1.080000E+004             9                                                 HO2             23  0.000000E+000  HO2+HO2=H2O2
  1.080000E+004             9                                                 HO2             27  0.000000E+000  HO2+NO=OH+NO2
  1.080000E+004             9                                                 HO2             28  0.000000E+000  HO2+NO2=HO2NO2
  1.080000E+004             9                                                 HO2             30  0.000000E+000  HO2+NO3=OH+NO2
  1.080000E+004             9                                                 HO2             51  0.000000E+000  CH3O2+HO2=CH3OOH
  1.080000E+004             9                                                 HO2             52  0.000000E+000  CH3O2+HO2=HCHO
  1.440000E+004             8                                                  OH             16  4.245085E-008  OH+O3=HO2
  1.440000E+004             8                                                  OH             17  1.944736E-038  OH+H2=HO2
  1.440000E+004             8                                                  OH             18  1.127328E-006  OH+CO=HO2
  1.440000E+004             8                                                  OH             19  1.215843E-038  OH+H2O2=HO2
  1.440000E+004             8                                                  OH             21  1.465497E-021  OH+HO2=
  1.440000E+004             8                                                  OH             24  5.106269E-011  OH+NO=HONO
  1.440000E+004             8                                                  OH             25  2.398913E-006  OH+NO2=HNO3
  1.440000E+004             8                                                  OH             26  9.381532E-009  OH+NO3=HO2+NO2
  1.440000E+004             8                                                  OH             29  1.130185E-022  OH+HO2NO2=NO2
  1.440000E+004             8                                                  OH             31  1.028124E-026  OH+HONO=NO2
  1.440000E+004             8                                                  OH             32  1.608834E-023  OH+HNO3=NO3
  1.440000E+004             8                                                  OH             34  0.000000E+000  OH+SO2=HSO3
  1.440000E+004             8                                                  OH             50  3.481444E-007  OH+CH4=CH3O2
  1.440000E+004             8                                                  OH             61  1.039846E-038  OH+CH3OOH=CH3O2
  1.440000E+004             8                                                  OH             62  6.932303E-039  OH+CH3OOH=HCHO+OH
  1.440000E+004             8                                                  OH             66  4.633981E-025  OH+HCHO=HO2+CO
  1.440000E+004             8                                                  OH             68  6.269786E-032  OH+CH3NO3=HCHO+NO2
  1.440000E+004             8                                                  OH             71  2.309995E-041  CH3OH+OH=HO2+HCHO
  1.440000E+004             9                                                 HO2             20  8.532268E-009  HO2+O3=OH
  1.440000E+004             9                                                 HO2             21  1.465497E-021  OH+HO2=
  1.440000E+004             9                                                 HO2             22  7.248791E-022  HO2+HO2=H2O2
  1.440000E+004             9                                                 HO2             23  5.961293E-022  HO2+HO2=H2O2
  1.440000E+004             9                                                 HO2             27  2.999351E-010  HO2+NO=OH+NO2
  1.440000E+004             9                                                 HO2             28  1.259311E-006  HO2+NO2=HO2NO2
  1.440000E+004             9                                                 HO2             30  1.312785E-008  HO2+NO3=OH+NO2
  1.440000E+004             9                                                 HO2             51  1.552676E-022  CH3O2+HO2=CH3OOH
  1.440000E+004             9                                                 HO2             52  1.746556E-023  CH3O2+HO2=HCHO
  1.800000E+004             8                                                  OH             16  2.382641E+002  OH+O3=HO2
  1.800000E+004             8                                                  OH             17  6.112154E-008  OH+H2=HO2
  1.800000E+004             8                                                  OH             18  5.984383E+003  OH+CO=HO2
  1.800000E+004             8                                                  OH             19  5.333903E-008  OH+H2O2=HO2
  1.800000E+004             8                                                  OH             21  2.870460E-002  OH+HO2=
  1.800000E+004             8                                                  OH             24  1.914611E+003  OH+NO=HONO
  1.800000E+004             8                                                  OH             25  1.127228E+004  OH+NO2=HNO3
  1.800000E+004             8                                                  OH             26  3.859855E-001  OH+NO3=HO2+NO2
  1.800000E+004             8                                                  OH             29  5.510098E-003  OH+HO2NO2=NO2
  1.800000E+004             8                                                  OH             31  3.767826E-002  OH+HONO=NO2
  1.800000E+004             8                                                  OH             32  9.028547E-003  OH+HNO3=NO3
  1.800000E+004             8                                                  OH             34  0.000000E+000  OH+SO2=HSO3
  1.800000E+004             8                                                  OH             50  1.848115E+003  OH+CH4=CH3O2
  1.800000E+004             8                                                  OH             61  3.564486E-008  OH+CH3OOH=CH3O2
  1.800000E+004             8                                                  OH             62  2.376324E-008  OH+CH3OOH=HCHO+OH
  1.800000E+004             8                                                  OH             66  6.970457E-002  OH+HCHO=HO2+CO
  1.800000E+004             8                                                  OH             68  1.726347E-007  OH+CH3NO3=HCHO+NO2
  1.800000E+004             8                                                  OH             71  6.193445E-011  CH3OH+OH=HO2+HCHO
  1.800000E+004             9                                                 HO2             20  3.328619E+001  HO2+O3=OH
  1.800000E+004             9                                                 HO2             21  2.870460E-002  OH+HO2=
  1.800000E+004             9                                                 HO2             22  9.868690E-003  HO2+HO2=H2O2
  1.800000E+004             9                                                 HO2             23  8.115856E-003  HO2+HO2=H2O2
  1.800000E+004             9                                                 HO2             27  7.816845E+003  HO2+NO=OH+NO2
  1.800000E+004             9                                                 HO2             28  4.112990E+003  HO2+NO2=HO2NO2
  1.800000E+004             9                                                 HO2             30  3.754206E-001  HO2+NO3=OH+NO2
  1.800000E+004             9                                                 HO2             51  1.603661E-003  CH3O2+HO2=CH3OOH
  1.800000E+004             9                                                 HO2             52  1.803907E-004  CH3O2+HO2=HCHO
  2.160000E+004             8                                                  OH             16  4.167217E+003  OH+O3=HO2
  2.160000E+004             8                                                  OH             17  3.555224E-004  OH+H2=HO2
  2.160000E+004             8                                                  OH             18  9.922186E+004  OH+CO=HO2
  2.160000E+004             8                                                  OH             19  1.200790E-004  OH+H2O2=HO2
  2.160000E+004             8                                                  OH             21  3.870668E+000  OH+HO2=
  2.160000E+004             8                                                  OH             24  6.670487E+004  OH+NO=HONO
  2.160000E+004             8                                                  OH             25  1.508245E+005  OH+NO2=HNO3
  2.160000E+004             8                                                  OH             26  2.638538E+000  OH+NO3=HO2+NO2
  2.160000E+004             8                                                  OH             29  6.127931E-001  OH+HO2NO2=NO2
  2.160000E+004             8                                                  OH             31  3.509907E+001  OH+HONO=NO2
  2.160000E+004             8                                                  OH             32  4.819308E+000  OH+HNO3=NO3
  2.160000E+004             8                                                  OH             34  0.000000E+000  OH+SO2=HSO3
  2.160000E+004             8                                                  OH             50  3.064317E+004  OH+CH4=CH3O2
  2.160000E+004             8                                                  OH             61  7.771992E-005  OH+CH3OOH=CH3O2
  2.160000E+004             8                                                  OH             62  5.181328E-005  OH+CH3OOH=HCHO+OH
  2.160000E+004             8                                                  OH             66  4.517976E+001  OH+HCHO=HO2+CO
  2.160000E+004             8                                                  OH             68  1.138003E-004  OH+CH3NO3=HCHO+NO2
  2.160000E+004             8                                                  OH             71  1.309341E-007  CH3OH+OH=HO2+HCHO
  2.160000E+004             9                                                 HO2             20  2.855459E+002  HO2+O3=OH
  2.160000E+004             9                                                 HO2             21  3.870668E+000  OH+HO2=
  2.160000E+004             9                                                 HO2             22  6.527071E-001  HO2+HO2=H2O2
  2.160000E+004             9                                                 HO2             23  5.367761E-001  HO2+HO2=H2O2
  2.160000E+004             9                                                 HO2             27  1.335773E+005  HO2+NO=OH+NO2
  2.160000E+004             9                                                 HO2             28  2.699244E+004  HO2+NO2=HO2NO2
  2.160000E+004             9                                                 HO2             30  1.258737E+000  HO2+NO3=OH+NO2
  2.160000E+004             9                                                 HO2             51  1.038691E-001  CH3O2+HO2=CH3OOH
  2.160000E+004             9                                                 HO2             52  1.168391E-002  CH3O2+HO2=HCHO
  2.520000E+004             8                                                  OH             16  1.755183E+004  OH+O3=HO2
  2.520000E+004             8                                                  OH             17  2.703467E-002  OH+H2=HO2
  2.520000E+004             8                                                  OH             18  4.070623E+005  OH+CO=HO2
  2.520000E+004             8                                                  OH             19  8.357182E-003  OH+H2O2=HO2
  2.520000E+004             8                                                  OH             21  5.272516E+001  OH+HO2=
  2.520000E+004             8                                                  OH             24  3.429475E+005  OH+NO=HONO
  2.520000E+004             8                                                  OH             25  5.409872E+005  OH+NO2=HNO3
  2.520000E+004             8                                                  OH             26  7.775924E+000  OH+NO3=HO2+NO2
  2.520000E+004             8                                                  OH             29  7.352247E+000  OH+HO2NO2=NO2
  2.520000E+004             8                                                  OH             31  7.093548E+002  OH+HONO=NO2
  2.520000E+004             8                                                  OH             32  1.165537E+002  OH+HNO3=NO3
  2.520000E+004             8                                                  OH             34  0.000000E+000  OH+SO2=HSO3
  2.520000E+004             8                                                  OH             50  1.257429E+005  OH+CH4=CH3O2
  2.520000E+004             8                                                  OH             61  5.334791E-003  OH+CH3OOH=CH3O2
  2.520000E+004             8                                                  OH             62  3.556527E-003  OH+CH3OOH=HCHO+OH
  2.520000E+004             8                                                  OH             66  1.201279E+003  OH+HCHO=HO2+CO
  2.520000E+004             8                                                  OH             68  3.145827E-003  OH+CH3NO3=HCHO+NO2
  2.520000E+004             8                                                  OH             71  8.938313E-006  CH3OH+OH=HO2+HCHO
  2.520000E+004             9                                                 HO2             20  9.729258E+002  HO2+O3=OH
  2.520000E+004             9                                                 HO2             21  5.272516E+001  OH+HO2=
  2.520000E+004             9                                                 HO2             22  7.192468E+000  HO2+HO2=H2O2
  2.520000E+004             9                                                 HO2             23  5.914973E+000  HO2+HO2=H2O2
  2.520000E+004             9                                                 HO2             27  5.555593E+005  HO2+NO=OH+NO2
  2.520000E+004             9                                                 HO2             28  7.832218E+004  HO2+NO2=HO2NO2
  2.520000E+004             9                                                 HO2             30  3.000897E+000  HO2+NO3=OH+NO2
  2.520000E+004             9                                                 HO2             51  1.130221E+000  CH3O2+HO2=CH3OOH
  2.520000E+004             9                                                 HO2             52  1.271350E-001  CH3O2+HO2=HCHO
  2.880000E+004             8                                                  OH             16  4.262113E+004  OH+O3=HO2
  2.880000E+004             8                                                  OH             17  4.146496E-001  OH+H2=HO2
  2.880000E+004             8                                                  OH             18  9.724398E+005  OH+CO=HO2
  2.880000E+004             8                                                  OH             19  1.371433E-001  OH+H2O2=HO2
  2.880000E+004             8                                                  OH             21  2.804092E+002  OH+HO2=
  2.880000E+004             8                                                  OH             24  8.966018E+005  OH+NO=HONO
  2.880000E+004             8                                                  OH             25  1.172625E+006  OH+NO2=HNO3
  2.880000E+004             8                                                  OH             26  1.564861E+001  OH+NO3=HO2+NO2
  2.880000E+004             8                                                  OH             29  3.559214E+001  OH+HO2NO2=NO2
  2.880000E+004             8                                                  OH             31  4.008827E+003  OH+HONO=NO2
  2.880000E+004             8                                                  OH             32  8.753252E+002  OH+HNO3=NO3
  2.880000E+004             8                                                  OH             34  0.000000E+000  OH+SO2=HSO3
  2.880000E+004             8                                                  OH             50  3.005780E+005  OH+CH4=CH3O2
  2.880000E+004             8                                                  OH             61  8.565314E-002  OH+CH3OOH=CH3O2
  2.880000E+004             8                                                  OH             62  5.710209E-002  OH+CH3OOH=HCHO+OH
  2.880000E+004             8                                                  OH             66  9.326655E+003  OH+HCHO=HO2+CO
  2.880000E+004             8                                                  OH             68  2.601218E-002  OH+CH3NO3=HCHO+NO2
  2.880000E+004             8                                                  OH             71  1.435083E-004  CH3OH+OH=HO2+HCHO
  2.880000E+004             9                                                 HO2             20  2.198853E+003  HO2+O3=OH
  2.880000E+004             9                                                 HO2             21  2.804092E+002  OH+HO2=
  2.880000E+004             9                                                 HO2             22  3.560132E+001  HO2+HO2=H2O2
  2.880000E+004             9                                                 HO2             23  2.927797E+001  HO2+HO2=H2O2
  2.880000E+004             9                                                 HO2             27  1.351812E+006  HO2+NO=OH+NO2
  2.880000E+004             9                                                 HO2             28  1.580050E+005  HO2+NO2=HO2NO2
  2.880000E+004             9                                                 HO2             30  5.620679E+000  HO2+NO3=OH+NO2
  2.880000E+004             9                                                 HO2             51  5.499137E+000  CH3O2+HO2=CH3OOH
  2.880000E+004             9                                                 HO2             52  6.185805E-001  CH3O2+HO2=HCHO
  3.240000E+004             8                                                  OH             16  7.790256E+004  OH+O3=HO2
  3.240000E+004             8                                                  OH             17  2.755630E+000  OH+H2=HO2
  3.240000E+004             8                                                  OH             18  1.753016E+006  OH+CO=HO2
  3.240000E+004             8                                                  OH             19  1.034101E+000  OH+H2O2=HO2
  3.240000E+004             8                                                  OH             21  9.128718E+002  OH+HO2=
  3.240000E+004             8                                                  OH             24  1.654561E+006  OH+NO=HONO
  3.240000E+004             8                                                  OH             25  1.944228E+006  OH+NO2=HNO3
  3.240000E+004             8                                                  OH             26  2.567974E+001  OH+NO3=HO2+NO2
  3.240000E+004             8                                                  OH             29  1.066423E+002  OH+HO2NO2=NO2
  3.240000E+004             8                                                  OH             31  1.232285E+004  OH+HONO=NO2
  3.240000E+004             8                                                  OH             32  3.552098E+003  OH+HNO3=NO3
  3.240000E+004             8                                                  OH             34  0.000000E+000  OH+SO2=HSO3
  3.240000E+004             8                                                  OH             50  5.425126E+005  OH+CH4=CH3O2
  3.240000E+004             8                                                  OH             61  6.243643E-001  OH+CH3OOH=CH3O2
  3.240000E+004             8                                                  OH             62  4.162429E-001  OH+CH3OOH=HCHO+OH
  3.240000E+004             8                                                  OH             66  3.754013E+004  OH+HCHO=HO2+CO
  3.240000E+004             8                                                  OH             68  1.141856E-001  OH+CH3NO3=HCHO+NO2
  3.240000E+004             8                                                  OH             71  1.053939E-003  CH3OH+OH=HO2+HCHO
  3.240000E+004             9                                                 HO2             20  4.016139E+003  HO2+O3=OH
  3.240000E+004             9                                                 HO2             21  9.128718E+002  OH+HO2=
  3.240000E+004             9                                                 HO2             22  1.158162E+002  HO2+HO2=H2O2
  3.240000E+004             9                                                 HO2             23  9.524547E+001  HO2+HO2=H2O2
  3.240000E+004             9                                                 HO2             27  2.492787E+006  HO2+NO=OH+NO2
  3.240000E+004             9                                                 HO2             28  2.617849E+005  HO2+NO2=HO2NO2
  3.240000E+004             9                                                 HO2             30  9.216998E+000  HO2+NO3=OH+NO2
  3.240000E+004             9                                                 HO2             51  1.751390E+001  CH3O2+HO2=CH3OOH
  3.240000E+004             9                                                 HO2             52  1.970083E+000  CH3O2+HO2=HCHO
  3.600000E+004             8                                                  OH             16  1.198790E+005  OH+O3=HO2
  3.600000E+004             8                                                  OH             17  1.094504E+001  OH+H2=HO2
  3.600000E+004             8                                                  OH             18  2.656383E+006  OH+CO=HO2
  3.600000E+004             8                                                  OH             19  4.856181E+000  OH+H2O2=HO2
  3.600000E+004             8                                                  OH             21  2.208022E+003  OH+HO2=
  3.600000E+004             8                                                  OH             24  2.448383E+006  OH+NO=HONO
  3.600000E+004             8                                                  OH             25  2.715966E+006  OH+NO2=HNO3
  3.600000E+004             8                                                  OH             26  3.730893E+001  OH+NO3=HO2+NO2
  3.600000E+004             8                                                  OH             29  2.377373E+002  OH+HO2NO2=NO2
  3.600000E+004             8                                                  OH             31  2.628629E+004  OH+HONO=NO2
  3.600000E+004             8                                                  OH             32  9.849277E+003  OH+HNO3=NO3
  3.600000E+004             8                                                  OH             34  0.000000E+000  OH+SO2=HSO3
  3.600000E+004             8                                                  OH             50  8.236535E+005  OH+CH4=CH3O2
  3.600000E+004             8                                                  OH             61  2.800468E+000  OH+CH3OOH=CH3O2
  3.600000E+004             8                                                  OH             62  1.866979E+000  OH+CH3OOH=HCHO+OH
  3.600000E+004             8                                                  OH             66  1.003732E+005  OH+HCHO=HO2+CO
  3.600000E+004             8                                                  OH             68  3.399081E-001  OH+CH3NO3=HCHO+NO2
  3.600000E+004             8                                                  OH             71  4.809246E-003  CH3OH+OH=HO2+HCHO
  3.600000E+004             9                                                 HO2             20  6.484564E+003  HO2+O3=OH
  3.600000E+004             9                                                 HO2             21  2.208022E+003  OH+HO2=
  3.600000E+004             9                                                 HO2             22  2.939300E+002  HO2+HO2=H2O2
  3.600000E+004             9                                                 HO2             23  2.417234E+002  HO2+HO2=H2O2
  3.600000E+004             9                                                 HO2             27  3.870460E+006  HO2+NO=OH+NO2
  3.600000E+004             9                                                 HO2             28  3.837094E+005  HO2+NO2=HO2NO2
  3.600000E+004             9                                                 HO2             30  1.405052E+001  HO2+NO3=OH+NO2
  3.600000E+004             9                                                 HO2             51  4.347418E+001  CH3O2+HO2=CH3OOH
  3.600000E+004             9                                                 HO2             52  4.890273E+000  CH3O2+HO2=HCHO
  3.960000E+004             8                                                  OH             16  1.637630E+005  OH+O3=HO2
  3.960000E+004             8                                                  OH             17  3.051052E+001  OH+H2=HO2
  3.960000E+004             8                                                  OH             18  3.558451E+006  OH+CO=HO2
  3.960000E+004             8                                                  OH             19  1.650679E+001  OH+H2O2=HO2
  3.960000E+004             8                                                  OH             21  4.345267E+003  OH+HO2=
  3.960000E+004             8                                                  OH             24  3.078699E+006  OH+NO=HONO
  3.960000E+004             8                                                  OH             25  3.346031E+006  OH+NO2=HNO3
  3.960000E+004             8                                                  OH             26  5.008546E+001  OH+NO3=HO2+NO2
  3.960000E+004             8                                                  OH             29  4.295598E+002  OH+HO2NO2=NO2
  3.960000E+004             8                                                  OH             31  4.324822E+004  OH+HONO=NO2
  3.960000E+004             8                                                  OH             32  2.092923E+004  OH+HNO3=NO3
  3.960000E+004             8                                                  OH             34  0.000000E+000  OH+SO2=HSO3
  3.960000E+004             8                                                  OH             50  1.106220E+006  OH+CH4=CH3O2
  3.960000E+004             8                                                  OH             61  9.006964E+000  OH+CH3OOH=CH3O2
  3.960000E+004             8                                                  OH             62  6.004642E+000  OH+CH3OOH=HCHO+OH
  3.960000E+004             8                                                  OH             66  2.019930E+005  OH+HCHO=HO2+CO
  3.960000E+004             8                                                  OH             68  7.733108E-001  OH+CH3NO3=HCHO+NO2
  3.960000E+004             8                                                  OH             71  1.589598E-002  CH3OH+OH=HO2+HCHO
  3.960000E+004             9                                                 HO2             20  9.662975E+003  HO2+O3=OH
  3.960000E+004             9                                                 HO2             21  4.345267E+003  OH+HO2=
  3.960000E+004             9                                                 HO2             22  6.309780E+002  HO2+HO2=H2O2
  3.960000E+004             9                                                 HO2             23  5.189064E+002  HO2+HO2=H2O2
  3.960000E+004             9                                                 HO2             27  5.308939E+006  HO2+NO=OH+NO2
  3.960000E+004             9                                                 HO2             28  5.156624E+005  HO2+NO2=HO2NO2
  3.960000E+004             9                                                 HO2             30  2.057541E+001  HO2+NO3=OH+NO2
  3.960000E+004             9                                                 HO2             51  9.134943E+001  CH3O2+HO2=CH3OOH
  3.960000E+004             9                                                 HO2             52  1.027561E+001  CH3O2+HO2=HCHO
  4.320000E+004             8                                                  OH             16  2.031070E+005  OH+O3=HO2
  4.320000E+004             8                                                  OH             17  6.501795E+001  OH+H2=HO2
  4.320000E+004             8                                                  OH             18  4.304454E+006  OH+CO=HO2
  4.320000E+004             8                                                  OH             19  4.365928E+001  OH+H2O2=HO2
  4.320000E+004             8                                                  OH             21  7.209167E+003  OH+HO2=
  4.320000E+004             8                                                  OH             24  3.376562E+006  OH+NO=HONO
  4.320000E+004             8                                                  OH             25  3.711701E+006  OH+NO2=HNO3
  4.320000E+004             8                                                  OH             26  6.315943E+001  OH+NO3=HO2+NO2
  4.320000E+004             8                                                  OH             29  6.518776E+002  OH+HO2NO2=NO2
  4.320000E+004             8                                                  OH             31  5.749534E+004  OH+HONO=NO2
  4.320000E+004             8                                                  OH             32  3.609999E+004  OH+HNO3=NO3
  4.320000E+004             8                                                  OH             34  0.000000E+000  OH+SO2=HSO3
  4.320000E+004             8                                                  OH             50  1.342371E+006  OH+CH4=CH3O2
  4.320000E+004             8                                                  OH             61  2.243407E+001  OH+CH3OOH=CH3O2
  4.320000E+004             8                                                  OH             62  1.495604E+001  OH+CH3OOH=HCHO+OH
  4.320000E+004             8                                                  OH             66  3.268296E+005  OH+HCHO=HO2+CO
  4.320000E+004             8                                                  OH             68  1.426546E+000  OH+CH3NO3=HCHO+NO2
  4.320000E+004             8                                                  OH             71  4.102575E-002  CH3OH+OH=HO2+HCHO
  4.320000E+004             9                                                 HO2             20  1.350045E+004  HO2+O3=OH
  4.320000E+004             9                                                 HO2             21  7.209167E+003  OH+HO2=
  4.320000E+004             9                                                 HO2             22  1.179264E+003  HO2+HO2=H2O2
  4.320000E+004             9                                                 HO2             23  9.698081E+002  HO2+HO2=H2O2
  4.320000E+004             9                                                 HO2             27  6.559087E+006  HO2+NO=OH+NO2
  4.320000E+004             9                                                 HO2             28  6.443720E+005  HO2+NO2=HO2NO2
  4.320000E+004             9                                                 HO2             30  2.922828E+001  HO2+NO3=OH+NO2
  4.320000E+004             9                                                 HO2             51  1.677034E+002  CH3O2+HO2=CH3OOH
  4.320000E+004             9                                                 HO2             52  1.886443E+001  CH3O2+HO2=HCHO
