        t  currentStepSize previousStepSize    LENRW    LENIW      NST      NFE     NETF     NCFN      NNI  NSETUPS       QU     QCUR      NOR  LENRWLS  LENIWLS  LS_FLAG    NFELS     NJTV      NPE      NPS      NLI     NCFL
 9.00E+02  1.00000000E+002  1.00000000E+002      349       50       94      116        1        0      113       31        4        4        0    13131      105        0      144      144        2      238      144        0
 1.80E+03  1.00000000E+002  1.00000000E+002      349       50      103      125        1        0      122       31        4        4        0    13131      105        0      159      159        2      262      159        0
 2.70E+03  1.00000000E+002  1.00000000E+002      349       50      112      134        1        0      131       32        4        4        0    13131      105        0      172      172        2      284      172        0
 3.60E+03  1.00000000E+002  1.00000000E+002      349       50      121      143        1        0      140       32        4        4        0    13131      105        0      184      184        2      305      184        0
 4.50E+03  1.00000000E+002  1.00000000E+002      349       50      130      152        1        0      149       33        4        4        0    13131      105        0      196      196        3      326      196        0
 5.40E+03  1.00000000E+002  1.00000000E+002      349       50      139      161        1        0      158       33        4        4        0    13131      105        0      205      205        3      344      205        0
 6.30E+03  1.00000000E+002  1.00000000E+002      349       50      148      170        1        0      167       33        4        4        0    13131      105        0      214      214        3      362      214        0
 7.20E+03  1.00000000E+002  1.00000000E+002      349       50      157      180        1        0      177       34        4        4        0    13131      105        0      222      222        3      379      222        0
 8.10E+03  1.00000000E+002  1.00000000E+002      349       50      175      205        3        0      202       40        2        2        0    13131      105        0      262      262        3      439      262        0
 9.00E+03  1.00000000E+002  1.00000000E+002      349       50      184      214        3        0      211       40        2        3        0    13131      105        0      280      280        3      466      280        0
 9.90E+03  1.00000000E+002  1.00000000E+002      349       50      193      223        3        0      220       41        2        2        0    13131      105        0      297      297        4      492      297        0
 1.08E+04  1.00000000E+002  1.00000000E+002      349       50      202      233        3        0      230       41        2        2        0    13131      105        0      315      315        4      519      315        0
 1.17E+04  1.00000000E+002  1.00000000E+002      349       50      211      243        3        0      240       42        2        2        0    13131      105        0      333      333        4      546      333        0
 1.26E+04  1.00000000E+002  1.00000000E+002      349       50      220      252        3        0      249       42        2        3        0    13131      105        0      351      351        4      573      351        0
 1.35E+04  1.00000000E+002  1.00000000E+002      349       50      229      261        3        0      258       42        2        2        0    13131      105        0      369      369        4      600      369        0
 1.44E+04  4.49547565E+001  4.49547565E+001      349       50      326      438       36        0      435      110        4        4        0    13131      105        0      472      472        6      802      472        0
 1.53E+04  4.76717848E+001  4.76717848E+001      349       50      354      472       37        0      469      113        5        5        0    13131      105        0      529      529        7      892      529        0
 1.62E+04  7.72496797E+001  7.72496797E+001      349       50      368      487       37        0      484      114        5        5        0    13131      105        0      558      558        7      936      558        0
 1.71E+04  7.72496797E+001  7.72496797E+001      349       50      380      499       37        0      496      115        5        5        0    13131      105        0      582      582        7      972      582        0
 1.80E+04  6.58393868E+000  6.58393868E+000      349       50      393      519       40        0      516      118        5        5        0    13131      105        0      627      627        7     1037      627        0
 1.89E+04  1.00000000E+002  6.90572052E+001      349       50      423      551       40        0      548      122        4        4        0    13131      105        0      717      717        8     1159      717        0
 1.98E+04  1.00000000E+002  1.00000000E+002      349       50      432      560       40        0      557      123        4        5        0    13131      105        0      748      748        8     1199      748        0
 2.07E+04  1.00000000E+002  1.00000000E+002      349       50      441      569       40        0      566      123        4        4        0    13131      105        0      778      778        8     1238      778        0
 2.16E+04  1.00000000E+002  1.00000000E+002      349       50      450      578       40        0      575      124        4        3        0    13131      105        0      802      802        8     1271      802        0
 2.25E+04  1.00000000E+002  1.00000000E+002      349       50      466      604       43        0      601      129        4        4        0    13131      105        0      878      878        9     1373      878        0
 2.34E+04  1.00000000E+002  1.00000000E+002      349       50      475      613       43        0      610      129        4        4        0    13131      105        0      894      894        9     1398      894        0
 2.43E+04  1.00000000E+002  1.00000000E+002      349       50      484      622       43        0      619      130        4        4        0    13131      105        0      903      903        9     1416      903        0
 2.52E+04  1.15636135E+001  1.15636135E+001      349       50      494      637       45        0      634      132        4        4        0    13131      105        0      930      930        9     1458      930        0
 2.61E+04  1.00000000E+002  1.00000000E+002      349       50      511      655       45        0      652      136        3        3        0    13131      105        0      996      996       10     1542      996        0
 2.70E+04  1.00000000E+002  1.00000000E+002      349       50      520      664       45        0      661      136        4        4        0    13131      105        0     1009     1009       10     1564     1009        0
 2.79E+04  1.00000000E+002  1.00000000E+002      349       50      529      673       45        0      670      136        4        4        0    13131      105        0     1017     1017       10     1581     1017        0
 2.88E+04  1.00000000E+002  1.00000000E+002      349       50      538      683       45        0      680      137        3        3        0    13131      105        0     1035     1035       10     1609     1035        0
 2.97E+04  1.00000000E+002  1.00000000E+002      349       50      558      709       47        0      706      144        2        2        0    13131      105        0     1111     1111       10     1711     1111        0
 3.06E+04  1.00000000E+002  1.00000000E+002      349       50      567      718       47        0      715      144        2        3        0    13131      105        0     1138     1138       10     1747     1138        0
 3.15E+04  1.00000000E+002  1.00000000E+002      349       50      576      727       47        0      724      144        2        2        0    13131      105        0     1165     1165       10     1783     1165        0
 3.24E+04  1.79283279E+001  1.79283279E+001      349       50      586      742       49        0      739      147        2        2        0    13131      105        0     1186     1186       11     1819     1186        0
 3.33E+04  1.00000000E+002  1.00000000E+002      349       50      600      760       49        0      757      150        3        3        0    13131      105        0     1215     1215       11     1866     1215        0
 3.42E+04  1.00000000E+002  1.00000000E+002      349       50      609      769       49        0      766      150        3        3        0    13131      105        0     1226     1226       11     1886     1226        0
 3.51E+04  1.00000000E+002  1.00000000E+002      349       50      618      778       49        0      775      151        3        3        0    13131      105        0     1235     1235       11     1904     1235        0
 3.60E+04  1.00000000E+002  1.00000000E+002      349       50      627      787       49        0      784      151        3        3        0    13131      105        0     1244     1244       11     1922     1244        0
 3.69E+04  1.00000000E+002  1.00000000E+002      349       50      636      796       49        0      793      152        3        4        0    13131      105        0     1253     1253       12     1940     1253        0
 3.78E+04  1.00000000E+002  1.00000000E+002      349       50      645      805       49        0      802      152        3        3        0    13131      105        0     1262     1262       12     1958     1262        0
 3.87E+04  1.00000000E+002  1.00000000E+002      349       50      654      814       49        0      811      152        3        4        0    13131      105        0     1271     1271       12     1976     1271        0
 3.96E+04  6.04041872E+001  6.04041872E+001      349       50      663      826       50        0      823      154        3        3        0    13131      105        0     1286     1286       12     2003     1286        0
 4.05E+04  1.00000000E+002  1.00000000E+002      349       50      678      849       52        0      846      159        3        3        0    13131      105        0     1337     1337       12     2077     1337        0
 4.14E+04  1.00000000E+002  1.00000000E+002      349       50      687      858       52        0      855      159        4        4        0    13131      105        0     1355     1355       12     2104     1355        0
 4.23E+04  1.00000000E+002  1.00000000E+002      349       50      696      867       52        0      864      160        4        4        0    13131      105        0     1364     1364       13     2122     1364        0
 4.32E+04  1.19045368E+001  1.19045368E+001      349       50      706      882       54        0      879      162        4        4        0    13131      105        0     1383     1383       13     2156     1383        0
