              t       latitude      longitude           secx           cosx            lha          sinld          cosld         eqtime
  0.000000E+000  5.151000E+001  1.300000E-001  0.000000E+000  0.000000E+000  0.000000E+000  0.000000E+000  0.000000E+000  0.000000E+000
  9.000000E+002  5.151000E+001  1.300000E-001  1.000000E+002  0.000000E+000 -3.082072E+000  3.115067E-001  5.709656E-001 -5.795605E-003
  1.800000E+003  5.151000E+001  1.300000E-001  1.000000E+002  0.000000E+000 -3.016622E+000  3.115067E-001  5.709656E-001 -5.795605E-003
  2.700000E+003  5.151000E+001  1.300000E-001  1.000000E+002  0.000000E+000 -2.951172E+000  3.115067E-001  5.709656E-001 -5.795605E-003
  3.600000E+003  5.151000E+001  1.300000E-001  1.000000E+002  0.000000E+000 -2.885722E+000  3.115067E-001  5.709656E-001 -5.795605E-003
  4.500000E+003  5.151000E+001  1.300000E-001  1.000000E+002  0.000000E+000 -2.820272E+000  3.115067E-001  5.709656E-001 -5.795605E-003
  5.400000E+003  5.151000E+001  1.300000E-001  1.000000E+002  0.000000E+000 -2.754822E+000  3.115067E-001  5.709656E-001 -5.795605E-003
  6.300000E+003  5.151000E+001  1.300000E-001  1.000000E+002  0.000000E+000 -2.689373E+000  3.115067E-001  5.709656E-001 -5.795605E-003
  7.200000E+003  5.151000E+001  1.300000E-001  1.000000E+002  0.000000E+000 -2.623923E+000  3.115067E-001  5.709656E-001 -5.795605E-003
  8.100000E+003  5.151000E+001  1.300000E-001  1.000000E+002  0.000000E+000 -2.558473E+000  3.115067E-001  5.709656E-001 -5.795605E-003
  9.000000E+003  5.151000E+001  1.300000E-001  1.000000E+002  0.000000E+000 -2.493023E+000  3.115067E-001  5.709656E-001 -5.795605E-003
  9.900000E+003  5.151000E+001  1.300000E-001  1.000000E+002  0.000000E+000 -2.427573E+000  3.115067E-001  5.709656E-001 -5.795605E-003
  1.080000E+004  5.151000E+001  1.300000E-001  1.000000E+002  0.000000E+000 -2.362123E+000  3.115067E-001  5.709656E-001 -5.795605E-003
  1.170000E+004  5.151000E+001  1.300000E-001  1.000000E+002  0.000000E+000 -2.296673E+000  3.115067E-001  5.709656E-001 -5.795605E-003
  1.260000E+004  5.151000E+001  1.300000E-001  1.000000E+002  0.000000E+000 -2.231224E+000  3.115067E-001  5.709656E-001 -5.795605E-003
  1.350000E+004  5.151000E+001  1.300000E-001  1.000000E+002  0.000000E+000 -2.165774E+000  3.115067E-001  5.709656E-001 -5.795605E-003
  1.440000E+004  5.151000E+001  1.300000E-001  4.457310E+001  2.243506E-002 -2.101668E+000  3.115067E-001  5.709656E-001 -5.795605E-003
  1.530000E+004  5.151000E+001  1.300000E-001  1.811337E+001  5.520784E-002 -2.036315E+000  3.115067E-001  5.709656E-001 -5.795605E-003
  1.620000E+004  5.151000E+001  1.300000E-001  1.104107E+001  9.057090E-002 -1.968119E+000  3.115067E-001  5.709656E-001 -5.795605E-003
  1.710000E+004  5.151000E+001  1.300000E-001  7.922420E+000  1.262241E-001 -1.901287E+000  3.115067E-001  5.709656E-001 -5.795605E-003
  1.800000E+004  5.151000E+001  1.300000E-001  6.265846E+000  1.595954E-001 -1.840100E+000  3.115067E-001  5.709656E-001 -5.795605E-003
  1.890000E+004  5.151000E+001  1.300000E-001  5.104187E+000  1.959176E-001 -1.774650E+000  3.115067E-001  5.709656E-001 -5.795605E-003
  1.980000E+004  5.151000E+001  1.300000E-001  4.296737E+000  2.327348E-001 -1.709200E+000  3.115067E-001  5.709656E-001 -5.795605E-003
  2.070000E+004  5.151000E+001  1.300000E-001  3.705223E+000  2.698893E-001 -1.643751E+000  3.115067E-001  5.709656E-001 -5.795605E-003
  2.160000E+004  5.151000E+001  1.300000E-001  3.254976E+000  3.072220E-001 -1.578301E+000  3.115067E-001  5.709656E-001 -5.795605E-003
  2.250000E+004  5.151000E+001  1.300000E-001  2.902142E+000  3.445730E-001 -1.512851E+000  3.115067E-001  5.709656E-001 -5.795605E-003
  2.340000E+004  5.151000E+001  1.300000E-001  2.619292E+000  3.817825E-001 -1.447401E+000  3.115067E-001  5.709656E-001 -5.795605E-003
  2.430000E+004  5.151000E+001  1.300000E-001  2.388396E+000  4.186910E-001 -1.381951E+000  3.115067E-001  5.709656E-001 -5.795605E-003
  2.520000E+004  5.151000E+001  1.300000E-001  2.197123E+000  4.551406E-001 -1.316501E+000  3.115067E-001  5.709656E-001 -5.795605E-003
  2.610000E+004  5.151000E+001  1.300000E-001  2.036763E+000  4.909751E-001 -1.251052E+000  3.115067E-001  5.709656E-001 -5.795605E-003
  2.700000E+004  5.151000E+001  1.300000E-001  1.900992E+000  5.260410E-001 -1.185602E+000  3.115067E-001  5.709656E-001 -5.795605E-003
  2.790000E+004  5.151000E+001  1.300000E-001  1.785114E+000  5.601883E-001 -1.120152E+000  3.115067E-001  5.709656E-001 -5.795605E-003
  2.880000E+004  5.151000E+001  1.300000E-001  1.685571E+000  5.932708E-001 -1.054702E+000  3.115067E-001  5.709656E-001 -5.795605E-003
  2.970000E+004  5.151000E+001  1.300000E-001  1.599625E+000  6.251466E-001 -9.892522E-001  3.115067E-001  5.709656E-001 -5.795605E-003
  3.060000E+004  5.151000E+001  1.300000E-001  1.525136E+000  6.556794E-001 -9.238023E-001  3.115067E-001  5.709656E-001 -5.795605E-003
  3.150000E+004  5.151000E+001  1.300000E-001  1.460412E+000  6.847384E-001 -8.583525E-001  3.115067E-001  5.709656E-001 -5.795605E-003
  3.240000E+004  5.151000E+001  1.300000E-001  1.404102E+000  7.121992E-001 -7.929026E-001  3.115067E-001  5.709656E-001 -5.795605E-003
  3.330000E+004  5.151000E+001  1.300000E-001  1.355116E+000  7.379441E-001 -7.274528E-001  3.115067E-001  5.709656E-001 -5.795605E-003
  3.420000E+004  5.151000E+001  1.300000E-001  1.312572E+000  7.618630E-001 -6.620029E-001  3.115067E-001  5.709656E-001 -5.795605E-003
  3.510000E+004  5.151000E+001  1.300000E-001  1.275749E+000  7.838534E-001 -5.965531E-001  3.115067E-001  5.709656E-001 -5.795605E-003
  3.600000E+004  5.151000E+001  1.300000E-001  1.244058E+000  8.038211E-001 -5.311032E-001  3.115067E-001  5.709656E-001 -5.795605E-003
  3.690000E+004  5.151000E+001  1.300000E-001  1.217018E+000  8.216807E-001 -4.656534E-001  3.115067E-001  5.709656E-001 -5.795605E-003
  3.780000E+004  5.151000E+001  1.300000E-001  1.194236E+000  8.373556E-001 -4.002035E-001  3.115067E-001  5.709656E-001 -5.795605E-003
  3.870000E+004  5.151000E+001  1.300000E-001  1.175394E+000  8.507787E-001 -3.347537E-001  3.115067E-001  5.709656E-001 -5.795605E-003
  3.960000E+004  5.151000E+001  1.300000E-001  1.160237E+000  8.618926E-001 -2.693038E-001  3.115067E-001  5.709656E-001 -5.795605E-003
  4.050000E+004  5.151000E+001  1.300000E-001  1.148568E+000  8.706497E-001 -2.038540E-001  3.115067E-001  5.709656E-001 -5.795605E-003
  4.140000E+004  5.151000E+001  1.300000E-001  1.140235E+000  8.770124E-001 -1.384042E-001  3.115067E-001  5.709656E-001 -5.795605E-003
  4.230000E+004  5.151000E+001  1.300000E-001  1.135134E+000  8.809535E-001 -7.295430E-002  3.115067E-001  5.709656E-001 -5.795605E-003
