           time speciesNumber speciesName reactionNumber           rate  reaction                                                                                                                                                                                                                                                                                                                                                                                                                                                                                                                                                                                                                                                                                                                                                                                                                                                                                                                                                        
  3.600000E+003             8                                                  OH             15  0.000000E+000  O1D=OH+OH
  3.600000E+003             8                                                  OH             20  0.000000E+000  HO2+O3=OH
  3.600000E+003             8                                                  OH             27  0.000000E+000  HO2+NO=OH+NO2
  3.600000E+003             8                                                  OH             30  0.000000E+000  HO2+NO3=OH+NO2
  3.600000E+003             8                                                  OH             41  0.000000E+000  H2O2=OH+OH
  3.600000E+003             8                                                  OH             45  0.000000E+000  HONO=OH+NO
  3.600000E+003             8                                                  OH             46  0.000000E+000  HNO3=OH+NO2
  3.600000E+003             8                                                  OH             60  0.000000E+000  CH3OOH=CH3O+OH
  3.600000E+003             8                                                  OH             62  0.000000E+000  OH+CH3OOH=HCHO+OH
  3.600000E+003             9                                                 HO2             16  0.000000E+000  OH+O3=HO2
  3.600000E+003             9                                                 HO2             17  0.000000E+000  OH+H2=HO2
  3.600000E+003             9                                                 HO2             18  0.000000E+000  OH+CO=HO2
  3.600000E+003             9                                                 HO2             19  0.000000E+000  OH+H2O2=HO2
  3.600000E+003             9                                                 HO2             26  0.000000E+000  OH+NO3=HO2+NO2
  3.600000E+003             9                                                 HO2             35  0.000000E+000  HSO3=HO2+SO3
  3.600000E+003             9                                                 HO2             48  0.000000E+000  HO2NO2=HO2+NO2
  3.600000E+003             9                                                 HO2             63  0.000000E+000  HCHO=CO+HO2+HO2
  3.600000E+003             9                                                 HO2             65  0.000000E+000  NO3+HCHO=HNO3+CO+HO2
  3.600000E+003             9                                                 HO2             66  0.000000E+000  OH+HCHO=HO2+CO
  3.600000E+003             9                                                 HO2             69  0.000000E+000  CH3O=HCHO+HO2
  3.600000E+003             9                                                 HO2             71  0.000000E+000  CH3OH+OH=HO2+HCHO
  7.200000E+003             8                                                  OH             15  0.000000E+000  O1D=OH+OH
  7.200000E+003             8                                                  OH             20  0.000000E+000  HO2+O3=OH
  7.200000E+003             8                                                  OH             27  0.000000E+000  HO2+NO=OH+NO2
  7.200000E+003             8                                                  OH             30  0.000000E+000  HO2+NO3=OH+NO2
  7.200000E+003             8                                                  OH             41  0.000000E+000  H2O2=OH+OH
  7.200000E+003             8                                                  OH             45  0.000000E+000  HONO=OH+NO
  7.200000E+003             8                                                  OH             46  0.000000E+000  HNO3=OH+NO2
  7.200000E+003             8                                                  OH             60  0.000000E+000  CH3OOH=CH3O+OH
  7.200000E+003             8                                                  OH             62  0.000000E+000  OH+CH3OOH=HCHO+OH
  7.200000E+003             9                                                 HO2             16  0.000000E+000  OH+O3=HO2
  7.200000E+003             9                                                 HO2             17  0.000000E+000  OH+H2=HO2
  7.200000E+003             9                                                 HO2             18  0.000000E+000  OH+CO=HO2
  7.200000E+003             9                                                 HO2             19  0.000000E+000  OH+H2O2=HO2
  7.200000E+003             9                                                 HO2             26  0.000000E+000  OH+NO3=HO2+NO2
  7.200000E+003             9                                                 HO2             35  0.000000E+000  HSO3=HO2+SO3
  7.200000E+003             9                                                 HO2             48  0.000000E+000  HO2NO2=HO2+NO2
  7.200000E+003             9                                                 HO2             63  0.000000E+000  HCHO=CO+HO2+HO2
  7.200000E+003             9                                                 HO2             65  0.000000E+000  NO3+HCHO=HNO3+CO+HO2
  7.200000E+003             9                                                 HO2             66  0.000000E+000  OH+HCHO=HO2+CO
  7.200000E+003             9                                                 HO2             69  0.000000E+000  CH3O=HCHO+HO2
  7.200000E+003             9                                                 HO2             71  0.000000E+000  CH3OH+OH=HO2+HCHO
  1.080000E+004             8                                                  OH             15  0.000000E+000  O1D=OH+OH
  1.080000E+004             8                                                  OH             20  0.000000E+000  HO2+O3=OH
  1.080000E+004             8                                                  OH             27  0.000000E+000  HO2+NO=OH+NO2
  1.080000E+004             8                                                  OH             30  0.000000E+000  HO2+NO3=OH+NO2
  1.080000E+004             8                                                  OH             41  0.000000E+000  H2O2=OH+OH
  1.080000E+004             8                                                  OH             45  0.000000E+000  HONO=OH+NO
  1.080000E+004             8                                                  OH             46  0.000000E+000  HNO3=OH+NO2
  1.080000E+004             8                                                  OH             60  0.000000E+000  CH3OOH=CH3O+OH
  1.080000E+004             8                                                  OH             62  0.000000E+000  OH+CH3OOH=HCHO+OH
  1.080000E+004             9                                                 HO2             16  0.000000E+000  OH+O3=HO2
  1.080000E+004             9                                                 HO2             17  0.000000E+000  OH+H2=HO2
  1.080000E+004             9                                                 HO2             18  0.000000E+000  OH+CO=HO2
  1.080000E+004             9                                                 HO2             19  0.000000E+000  OH+H2O2=HO2
  1.080000E+004             9                                                 HO2             26  0.000000E+000  OH+NO3=HO2+NO2
  1.080000E+004             9                                                 HO2             35  0.000000E+000  HSO3=HO2+SO3
  1.080000E+004             9                                                 HO2             48  0.000000E+000  HO2NO2=HO2+NO2
  1.080000E+004             9                                                 HO2             63  0.000000E+000  HCHO=CO+HO2+HO2
  1.080000E+004             9                                                 HO2             65  0.000000E+000  NO3+HCHO=HNO3+CO+HO2
  1.080000E+004             9                                                 HO2             66  0.000000E+000  OH+HCHO=HO2+CO
  1.080000E+004             9                                                 HO2             69  0.000000E+000  CH3O=HCHO+HO2
  1.080000E+004             9                                                 HO2             71  0.000000E+000  CH3OH+OH=HO2+HCHO
  1.440000E+004             8                                                  OH             15  3.953878E-006  O1D=OH+OH
  1.440000E+004             8                                                  OH             20  8.532268E-009  HO2+O3=OH
  1.440000E+004             8                                                  OH             27  2.999351E-010  HO2+NO=OH+NO2
  1.440000E+004             8                                                  OH             30  1.312785E-008  HO2+NO3=OH+NO2
  1.440000E+004             8                                                  OH             41  2.867216E-032  H2O2=OH+OH
  1.440000E+004             8                                                  OH             45  3.217375E-018  HONO=OH+NO
  1.440000E+004             8                                                  OH             46  6.860878E-019  HNO3=OH+NO2
  1.440000E+004             8                                                  OH             60  2.849344E-033  CH3OOH=CH3O+OH
  1.440000E+004             8                                                  OH             62  6.932303E-039  OH+CH3OOH=HCHO+OH
  1.440000E+004             9                                                 HO2             16  4.245085E-008  OH+O3=HO2
  1.440000E+004             9                                                 HO2             17  1.944736E-038  OH+H2=HO2
  1.440000E+004             9                                                 HO2             18  1.127328E-006  OH+CO=HO2
  1.440000E+004             9                                                 HO2             19  1.215843E-038  OH+H2O2=HO2
  1.440000E+004             9                                                 HO2             26  9.381532E-009  OH+NO3=HO2+NO2
  1.440000E+004             9                                                 HO2             35  0.000000E+000  HSO3=HO2+SO3
  1.440000E+004             9                                                 HO2             48  4.291841E-007  HO2NO2=HO2+NO2
  1.440000E+004             9                                                 HO2             63  2.994901E-020  HCHO=CO+HO2+HO2
  1.440000E+004             9                                                 HO2             65  7.562043E-015  NO3+HCHO=HNO3+CO+HO2
  1.440000E+004             9                                                 HO2             66  4.633981E-025  OH+HCHO=HO2+CO
  1.440000E+004             9                                                 HO2             69  1.413592E-009  CH3O=HCHO+HO2
  1.440000E+004             9                                                 HO2             71  2.309995E-041  CH3OH+OH=HO2+HCHO
  1.800000E+004             8                                                  OH             15  1.318726E+004  O1D=OH+OH
  1.800000E+004             8                                                  OH             20  3.328619E+001  HO2+O3=OH
  1.800000E+004             8                                                  OH             27  7.816845E+003  HO2+NO=OH+NO2
  1.800000E+004             8                                                  OH             30  3.754206E-001  HO2+NO3=OH+NO2
  1.800000E+004             8                                                  OH             41  4.288850E-006  H2O2=OH+OH
  1.800000E+004             8                                                  OH             45  2.292569E+002  HONO=OH+NO
  1.800000E+004             8                                                  OH             46  1.037614E-001  HNO3=OH+NO2
  1.800000E+004             8                                                  OH             60  3.072911E-007  CH3OOH=CH3O+OH
  1.800000E+004             8                                                  OH             62  2.376324E-008  OH+CH3OOH=HCHO+OH
  1.800000E+004             9                                                 HO2             16  2.382641E+002  OH+O3=HO2
  1.800000E+004             9                                                 HO2             17  6.112154E-008  OH+H2=HO2
  1.800000E+004             9                                                 HO2             18  5.984383E+003  OH+CO=HO2
  1.800000E+004             9                                                 HO2             19  5.333903E-008  OH+H2O2=HO2
  1.800000E+004             9                                                 HO2             26  3.859855E-001  OH+NO3=HO2+NO2
  1.800000E+004             9                                                 HO2             35  0.000000E+000  HSO3=HO2+SO3
  1.800000E+004             9                                                 HO2             48  3.941702E+003  HO2NO2=HO2+NO2
  1.800000E+004             9                                                 HO2             63  2.823217E+000  HCHO=CO+HO2+HO2
  1.800000E+004             9                                                 HO2             65  1.660749E-003  NO3+HCHO=HNO3+CO+HO2
  1.800000E+004             9                                                 HO2             66  6.970457E-002  OH+HCHO=HO2+CO
  1.800000E+004             9                                                 HO2             69  1.825359E+003  CH3O=HCHO+HO2
  1.800000E+004             9                                                 HO2             71  6.193445E-011  CH3OH+OH=HO2+HCHO
  2.160000E+004             8                                                  OH             15  1.815118E+005  O1D=OH+OH
  2.160000E+004             8                                                  OH             20  2.855459E+002  HO2+O3=OH
  2.160000E+004             8                                                  OH             27  1.335773E+005  HO2+NO=OH+NO2
  2.160000E+004             8                                                  OH             30  1.258737E+000  HO2+NO3=OH+NO2
  2.160000E+004             8                                                  OH             41  2.165827E-003  H2O2=OH+OH
  2.160000E+004             8                                                  OH             45  3.637048E+004  HONO=OH+NO
  2.160000E+004             8                                                  OH             46  1.884011E+001  HNO3=OH+NO2
  2.160000E+004             8                                                  OH             60  1.463136E-004  CH3OOH=CH3O+OH
  2.160000E+004             8                                                  OH             62  5.181328E-005  OH+CH3OOH=HCHO+OH
  2.160000E+004             9                                                 HO2             16  4.167217E+003  OH+O3=HO2
  2.160000E+004             9                                                 HO2             17  3.555224E-004  OH+H2=HO2
  2.160000E+004             9                                                 HO2             18  9.922186E+004  OH+CO=HO2
  2.160000E+004             9                                                 HO2             19  1.200790E-004  OH+H2O2=HO2
  2.160000E+004             9                                                 HO2             26  2.638538E+000  OH+NO3=HO2+NO2
  2.160000E+004             9                                                 HO2             35  0.000000E+000  HSO3=HO2+SO3
  2.160000E+004             9                                                 HO2             48  2.643828E+004  HO2NO2=HO2+NO2
  2.160000E+004             9                                                 HO2             63  5.261910E+002  HCHO=CO+HO2+HO2
  2.160000E+004             9                                                 HO2             65  2.676511E-002  NO3+HCHO=HNO3+CO+HO2
  2.160000E+004             9                                                 HO2             66  4.517976E+001  OH+HCHO=HO2+CO
  2.160000E+004             9                                                 HO2             69  3.053859E+004  CH3O=HCHO+HO2
  2.160000E+004             9                                                 HO2             71  1.309341E-007  CH3OH+OH=HO2+HCHO
  2.520000E+004             8                                                  OH             15  6.102605E+005  O1D=OH+OH
  2.520000E+004             8                                                  OH             20  9.729258E+002  HO2+O3=OH
  2.520000E+004             8                                                  OH             27  5.555593E+005  HO2+NO=OH+NO2
  2.520000E+004             8                                                  OH             30  3.000897E+000  HO2+NO3=OH+NO2
  2.520000E+004             8                                                  OH             41  6.556220E-002  H2O2=OH+OH
  2.520000E+004             8                                                  OH             45  2.691711E+005  HONO=OH+NO
  2.520000E+004             8                                                  OH             46  2.491536E+002  HNO3=OH+NO2
  2.520000E+004             8                                                  OH             60  4.298414E-003  CH3OOH=CH3O+OH
  2.520000E+004             8                                                  OH             62  3.556527E-003  OH+CH3OOH=HCHO+OH
  2.520000E+004             9                                                 HO2             16  1.755183E+004  OH+O3=HO2
  2.520000E+004             9                                                 HO2             17  2.703467E-002  OH+H2=HO2
  2.520000E+004             9                                                 HO2             18  4.070623E+005  OH+CO=HO2
  2.520000E+004             9                                                 HO2             19  8.357182E-003  OH+H2O2=HO2
  2.520000E+004             9                                                 HO2             26  7.775924E+000  OH+NO3=HO2+NO2
  2.520000E+004             9                                                 HO2             35  0.000000E+000  HSO3=HO2+SO3
  2.520000E+004             9                                                 HO2             48  7.730139E+004  HO2NO2=HO2+NO2
  2.520000E+004             9                                                 HO2             63  6.682430E+003  HCHO=CO+HO2+HO2
  2.520000E+004             9                                                 HO2             65  1.245527E-001  NO3+HCHO=HNO3+CO+HO2
  2.520000E+004             9                                                 HO2             66  1.201279E+003  OH+HCHO=HO2+CO
  2.520000E+004             9                                                 HO2             69  1.254649E+005  CH3O=HCHO+HO2
  2.520000E+004             9                                                 HO2             71  8.938313E-006  CH3OH+OH=HO2+HCHO
  2.880000E+004             8                                                  OH             15  1.253958E+006  O1D=OH+OH
  2.880000E+004             8                                                  OH             20  2.198853E+003  HO2+O3=OH
  2.880000E+004             8                                                  OH             27  1.351812E+006  HO2+NO=OH+NO2
  2.880000E+004             8                                                  OH             30  5.620679E+000  HO2+NO3=OH+NO2
  2.880000E+004             8                                                  OH             41  6.287742E-001  H2O2=OH+OH
  2.880000E+004             8                                                  OH             45  7.901843E+005  HONO=OH+NO
  2.880000E+004             8                                                  OH             46  1.268869E+003  HNO3=OH+NO2
  2.880000E+004             8                                                  OH             60  3.989707E-002  CH3OOH=CH3O+OH
  2.880000E+004             8                                                  OH             62  5.710209E-002  OH+CH3OOH=HCHO+OH
  2.880000E+004             9                                                 HO2             16  4.262113E+004  OH+O3=HO2
  2.880000E+004             9                                                 HO2             17  4.146496E-001  OH+H2=HO2
  2.880000E+004             9                                                 HO2             18  9.724398E+005  OH+CO=HO2
  2.880000E+004             9                                                 HO2             19  1.371433E-001  OH+H2O2=HO2
  2.880000E+004             9                                                 HO2             26  1.564861E+001  OH+NO3=HO2+NO2
  2.880000E+004             9                                                 HO2             35  0.000000E+000  HSO3=HO2+SO3
  2.880000E+004             9                                                 HO2             48  1.565457E+005  HO2NO2=HO2+NO2
  2.880000E+004             9                                                 HO2             63  3.181795E+004  HCHO=CO+HO2+HO2
  2.880000E+004             9                                                 HO2             65  3.405639E-001  NO3+HCHO=HNO3+CO+HO2
  2.880000E+004             9                                                 HO2             66  9.326655E+003  OH+HCHO=HO2+CO
  2.880000E+004             9                                                 HO2             69  3.000236E+005  CH3O=HCHO+HO2
  2.880000E+004             9                                                 HO2             71  1.435083E-004  CH3OH+OH=HO2+HCHO
  3.240000E+004             8                                                  OH             15  1.995179E+006  O1D=OH+OH
  3.240000E+004             8                                                  OH             20  4.016139E+003  HO2+O3=OH
  3.240000E+004             8                                                  OH             27  2.492787E+006  HO2+NO=OH+NO2
  3.240000E+004             8                                                  OH             30  9.216998E+000  HO2+NO3=OH+NO2
  3.240000E+004             8                                                  OH             41  3.242583E+000  H2O2=OH+OH
  3.240000E+004             8                                                  OH             45  1.530635E+006  HONO=OH+NO
  3.240000E+004             8                                                  OH             46  3.893974E+003  HNO3=OH+NO2
  3.240000E+004             8                                                  OH             60  1.974198E-001  CH3OOH=CH3O+OH
  3.240000E+004             8                                                  OH             62  4.162429E-001  OH+CH3OOH=HCHO+OH
  3.240000E+004             9                                                 HO2             16  7.790256E+004  OH+O3=HO2
  3.240000E+004             9                                                 HO2             17  2.755630E+000  OH+H2=HO2
  3.240000E+004             9                                                 HO2             18  1.753016E+006  OH+CO=HO2
  3.240000E+004             9                                                 HO2             19  1.034101E+000  OH+H2O2=HO2
  3.240000E+004             9                                                 HO2             26  2.567974E+001  OH+NO3=HO2+NO2
  3.240000E+004             9                                                 HO2             35  0.000000E+000  HSO3=HO2+SO3
  3.240000E+004             9                                                 HO2             48  2.598667E+005  HO2NO2=HO2+NO2
  3.240000E+004             9                                                 HO2             63  9.007217E+004  HCHO=CO+HO2+HO2
  3.240000E+004             9                                                 HO2             65  6.904807E-001  NO3+HCHO=HNO3+CO+HO2
  3.240000E+004             9                                                 HO2             66  3.754013E+004  OH+HCHO=HO2+CO
  3.240000E+004             9                                                 HO2             69  5.417404E+005  CH3O=HCHO+HO2
  3.240000E+004             9                                                 HO2             71  1.053939E-003  CH3OH+OH=HO2+HCHO
  3.600000E+004             8                                                  OH             15  2.693836E+006  O1D=OH+OH
  3.600000E+004             8                                                  OH             20  6.484564E+003  HO2+O3=OH
  3.600000E+004             8                                                  OH             27  3.870460E+006  HO2+NO=OH+NO2
  3.600000E+004             8                                                  OH             30  1.405052E+001  HO2+NO3=OH+NO2
  3.600000E+004             8                                                  OH             41  1.144612E+001  H2O2=OH+OH
  3.600000E+004             8                                                  OH             45  2.324174E+006  HONO=OH+NO
  3.600000E+004             8                                                  OH             46  8.668434E+003  HNO3=OH+NO2
  3.600000E+004             8                                                  OH             60  6.623134E-001  CH3OOH=CH3O+OH
  3.600000E+004             8                                                  OH             62  1.866979E+000  OH+CH3OOH=HCHO+OH
  3.600000E+004             9                                                 HO2             16  1.198790E+005  OH+O3=HO2
  3.600000E+004             9                                                 HO2             17  1.094504E+001  OH+H2=HO2
  3.600000E+004             9                                                 HO2             18  2.656383E+006  OH+CO=HO2
  3.600000E+004             9                                                 HO2             19  4.856181E+000  OH+H2O2=HO2
  3.600000E+004             9                                                 HO2             26  3.730893E+001  OH+NO3=HO2+NO2
  3.600000E+004             9                                                 HO2             35  0.000000E+000  HSO3=HO2+SO3
  3.600000E+004             9                                                 HO2             48  3.815592E+005  HO2NO2=HO2+NO2
  3.600000E+004             9                                                 HO2             63  1.840521E+005  HCHO=CO+HO2+HO2
  3.600000E+004             9                                                 HO2             65  1.163543E+000  NO3+HCHO=HNO3+CO+HO2
  3.600000E+004             9                                                 HO2             66  1.003732E+005  OH+HCHO=HO2+CO
  3.600000E+004             9                                                 HO2             69  8.227425E+005  CH3O=HCHO+HO2
  3.600000E+004             9                                                 HO2             71  4.809246E-003  CH3OH+OH=HO2+HCHO
  3.960000E+004             8                                                  OH             15  3.219379E+006  O1D=OH+OH
  3.960000E+004             8                                                  OH             20  9.662975E+003  HO2+O3=OH
  3.960000E+004             8                                                  OH             27  5.308939E+006  HO2+NO=OH+NO2
  3.960000E+004             8                                                  OH             30  2.057541E+001  HO2+NO3=OH+NO2
  3.960000E+004             8                                                  OH             41  3.118579E+001  H2O2=OH+OH
  3.960000E+004             8                                                  OH             45  2.970095E+006  HONO=OH+NO
  3.960000E+004             8                                                  OH             46  1.533199E+004  HNO3=OH+NO2
  3.960000E+004             8                                                  OH             60  1.702551E+000  CH3OOH=CH3O+OH
  3.960000E+004             8                                                  OH             62  6.004642E+000  OH+CH3OOH=HCHO+OH
  3.960000E+004             9                                                 HO2             16  1.637630E+005  OH+O3=HO2
  3.960000E+004             9                                                 HO2             17  3.051052E+001  OH+H2=HO2
  3.960000E+004             9                                                 HO2             18  3.558451E+006  OH+CO=HO2
  3.960000E+004             9                                                 HO2             19  1.650679E+001  OH+H2O2=HO2
  3.960000E+004             9                                                 HO2             26  5.008546E+001  OH+NO3=HO2+NO2
  3.960000E+004             9                                                 HO2             35  0.000000E+000  HSO3=HO2+SO3
  3.960000E+004             9                                                 HO2             48  5.132871E+005  HO2NO2=HO2+NO2
  3.960000E+004             9                                                 HO2             63  2.995474E+005  HCHO=CO+HO2+HO2
  3.960000E+004             9                                                 HO2             65  1.742386E+000  NO3+HCHO=HNO3+CO+HO2
  3.960000E+004             9                                                 HO2             66  2.019930E+005  OH+HCHO=HO2+CO
  3.960000E+004             9                                                 HO2             69  1.105256E+006  CH3O=HCHO+HO2
  3.960000E+004             9                                                 HO2             71  1.589598E-002  CH3OH+OH=HO2+HCHO
  4.320000E+004             8                                                  OH             15  3.472362E+006  O1D=OH+OH
  4.320000E+004             8                                                  OH             20  1.350045E+004  HO2+O3=OH
  4.320000E+004             8                                                  OH             27  6.559087E+006  HO2+NO=OH+NO2
  4.320000E+004             8                                                  OH             30  2.922828E+001  HO2+NO3=OH+NO2
  4.320000E+004             8                                                  OH             41  6.965945E+001  H2O2=OH+OH
  4.320000E+004             8                                                  OH             45  3.299278E+006  HONO=OH+NO
  4.320000E+004             8                                                  OH             46  2.261946E+004  HNO3=OH+NO2
  4.320000E+004             8                                                  OH             60  3.577826E+000  CH3OOH=CH3O+OH
  4.320000E+004             8                                                  OH             62  1.495604E+001  OH+CH3OOH=HCHO+OH
  4.320000E+004             9                                                 HO2             16  2.031070E+005  OH+O3=HO2
  4.320000E+004             9                                                 HO2             17  6.501795E+001  OH+H2=HO2
  4.320000E+004             9                                                 HO2             18  4.304454E+006  OH+CO=HO2
  4.320000E+004             9                                                 HO2             19  4.365928E+001  OH+H2O2=HO2
  4.320000E+004             9                                                 HO2             26  6.315943E+001  OH+NO3=HO2+NO2
  4.320000E+004             9                                                 HO2             35  0.000000E+000  HSO3=HO2+SO3
  4.320000E+004             9                                                 HO2             48  6.418486E+005  HO2NO2=HO2+NO2
  4.320000E+004             9                                                 HO2             63  4.105144E+005  HCHO=CO+HO2+HO2
  4.320000E+004             9                                                 HO2             65  2.413880E+000  NO3+HCHO=HNO3+CO+HO2
  4.320000E+004             9                                                 HO2             66  3.268296E+005  OH+HCHO=HO2+CO
  4.320000E+004             9                                                 HO2             69  1.341283E+006  CH3O=HCHO+HO2
  4.320000E+004             9                                                 HO2             71  4.102575E-002  CH3OH+OH=HO2+HCHO
